--- Starting Benchmark for calico (ipip) ---
Tearing down old cluster...
Deleting cluster "cni-calico" ...
Waiting 60s for cleanup (deep stabilization)...
Creating new cluster: cni-calico (with retry)
Creating cluster "cni-calico" ...
 • Ensuring node image (kindest/node:v1.29.2) 🖼  ...
 ✓ Ensuring node image (kindest/node:v1.29.2) 🖼
 • Preparing nodes 📦 📦 📦   ...
 ✓ Preparing nodes 📦 📦 📦 
 • Writing configuration 📜  ...
 ✓ Writing configuration 📜
 • Starting control-plane 🕹️  ...
 ✓ Starting control-plane 🕹️
 • Installing StorageClass 💾  ...
 ✓ Installing StorageClass 💾
 • Joining worker nodes 🚜  ...
 ✓ Joining worker nodes 🚜
Set kubectl context to "kind-cni-calico"
You can now use your cluster with:

kubectl cluster-info --context kind-cni-calico

Not sure what to do next? 😅  Check out https://kind.sigs.k8s.io/docs/user/quick-start/
Waiting 90s for node and Docker stabilization...
Restoring missing CNI plugins...
namespace/tigera-operator created
customresourcedefinition.apiextensions.k8s.io/bgpconfigurations.crd.projectcalico.org created
customresourcedefinition.apiextensions.k8s.io/bgpfilters.crd.projectcalico.org created
customresourcedefinition.apiextensions.k8s.io/bgppeers.crd.projectcalico.org created
customresourcedefinition.apiextensions.k8s.io/blockaffinities.crd.projectcalico.org created
customresourcedefinition.apiextensions.k8s.io/caliconodestatuses.crd.projectcalico.org created
customresourcedefinition.apiextensions.k8s.io/clusterinformations.crd.projectcalico.org created
customresourcedefinition.apiextensions.k8s.io/felixconfigurations.crd.projectcalico.org created
customresourcedefinition.apiextensions.k8s.io/globalnetworkpolicies.crd.projectcalico.org created
customresourcedefinition.apiextensions.k8s.io/globalnetworksets.crd.projectcalico.org created
customresourcedefinition.apiextensions.k8s.io/hostendpoints.crd.projectcalico.org created
customresourcedefinition.apiextensions.k8s.io/ipamblocks.crd.projectcalico.org created
customresourcedefinition.apiextensions.k8s.io/ipamconfigs.crd.projectcalico.org created
customresourcedefinition.apiextensions.k8s.io/ipamhandles.crd.projectcalico.org created
customresourcedefinition.apiextensions.k8s.io/ippools.crd.projectcalico.org created
customresourcedefinition.apiextensions.k8s.io/ipreservations.crd.projectcalico.org created
customresourcedefinition.apiextensions.k8s.io/kubecontrollersconfigurations.crd.projectcalico.org created
customresourcedefinition.apiextensions.k8s.io/networkpolicies.crd.projectcalico.org created
customresourcedefinition.apiextensions.k8s.io/networksets.crd.projectcalico.org created
customresourcedefinition.apiextensions.k8s.io/apiservers.operator.tigera.io created
customresourcedefinition.apiextensions.k8s.io/imagesets.operator.tigera.io created
customresourcedefinition.apiextensions.k8s.io/installations.operator.tigera.io created
customresourcedefinition.apiextensions.k8s.io/tigerastatuses.operator.tigera.io created
serviceaccount/tigera-operator created
clusterrole.rbac.authorization.k8s.io/tigera-operator created
clusterrolebinding.rbac.authorization.k8s.io/tigera-operator created
deployment.apps/tigera-operator created
installation.operator.tigera.io/default created
apiserver.operator.tigera.io/default created
Waiting for pods to be ready...
pod/kube-proxy-frnsz condition met
pod/kube-proxy-w9tjr condition met
pod/kube-proxy-zqqfv condition met
pod/tigera-operator-55585899bf-phscx condition met
Waiting for calico-node pods...
pod/calico-node-c7wd5 condition met
pod/calico-node-dqpkh condition met
pod/calico-node-stvzg condition met
Deploying iperf3: Server on cni-calico-control-plane, Client on cni-calico-worker
node/cni-calico-control-plane untainted
error: taint "node-role.kubernetes.io/control-plane:NoSchedule" not found
deployment.apps/iperf3-server created
deployment.apps/iperf3-client created
Waiting for iperf3 pods to be ready...
pod/iperf3-server-6944b75bfb-c8b7c condition met
pod/iperf3-client-c745f4fdc-qkhww condition met
Discovering Pod IPs...
Server IP: 10.244.82.134
Client Pod: iperf3-client-c745f4fdc-qkhww
Checking connectivity...
error: Internal error occurred: error executing command in container: failed to exec in container: failed to start exec "231ee83a319923d9bcbcd93842b15091e1a23982b55afccbc509d26a0949cc0c": OCI runtime exec failed: exec failed: unable to start container process: exec: "ping": executable file not found in $PATH: unknown
Connectivity check failed. Retrying in 10s...
error: Internal error occurred: error executing command in container: failed to exec in container: failed to start exec "6f79aeb18ab66f7bcd0f2d5b8d1e037fe3e9651647b89b098a4b58ca879bcb98": OCI runtime exec failed: exec failed: unable to start container process: exec: "ping": executable file not found in $PATH: unknown
Running TCP test and capturing system-wide cycles (45s)...
Running UDP test (45s)...
Measuring Latency (RTT) with ping...
error: Internal error occurred: error executing command in container: failed to exec in container: failed to start exec "795f7c947680e2a31a1f1f9e2eae5e216f62f1ba1ed4e484b8ef27e14c714c25": OCI runtime exec failed: exec failed: unable to start container process: exec: "ping": executable file not found in $PATH: unknown
Capturing CPU metrics (snapshot)...
--- Benchmark for calico Complete ---
Results saved in results_module_1/calico_ipip
