--- Starting Benchmark for flannel (hostgw) ---
Tearing down old cluster...
Deleting cluster "cni-flannel" ...
Deleted nodes: ["cni-flannel-worker" "cni-flannel-worker2" "cni-flannel-control-plane"]
Waiting 30s for cleanup...
Creating new cluster: cni-flannel (with retry)
Creating cluster "cni-flannel" ...
 • Ensuring node image (kindest/node:v1.29.2) 🖼  ...
 ✓ Ensuring node image (kindest/node:v1.29.2) 🖼
 • Preparing nodes 📦 📦 📦   ...
 ✓ Preparing nodes 📦 📦 📦 
 • Writing configuration 📜  ...
 ✓ Writing configuration 📜
 • Starting control-plane 🕹️  ...
 ✓ Starting control-plane 🕹️
 • Installing StorageClass 💾  ...
 ✓ Installing StorageClass 💾
 • Joining worker nodes 🚜  ...
 ✓ Joining worker nodes 🚜
Set kubectl context to "kind-cni-flannel"
You can now use your cluster with:

kubectl cluster-info --context kind-cni-flannel

Thanks for using kind! 😊
Waiting 60s for node stabilization...
Restoring missing CNI plugins...
Configuring Flannel for host-gw mode...
namespace/kube-flannel created
clusterrole.rbac.authorization.k8s.io/flannel created
clusterrolebinding.rbac.authorization.k8s.io/flannel created
serviceaccount/flannel created
configmap/kube-flannel-cfg created
daemonset.apps/kube-flannel-ds created
Waiting for pods to be ready...
pod/kube-proxy-kcplr condition met
pod/kube-proxy-pgrgk condition met
pod/kube-proxy-pvmwx condition met
error: no matching resources found
Deploying iperf3: Server on cni-flannel-control-plane, Client on cni-flannel-worker
node/cni-flannel-control-plane untainted
error: taint "node-role.kubernetes.io/control-plane:NoSchedule" not found
deployment.apps/iperf3-server created
deployment.apps/iperf3-client created
Waiting for iperf3 pods to be ready...
pod/iperf3-server-cb7cd67b7-5x2qf condition met
pod/iperf3-client-78944d9b48-w2r59 condition met
Discovering Pod IPs...
Server IP: 10.244.0.2
Client Pod: iperf3-client-78944d9b48-w2r59
Checking connectivity...
error: Internal error occurred: error executing command in container: failed to exec in container: failed to start exec "b9ab028d3dbaa1cb90f5c465a5d3d2c2f29d0383b8ea5e017df60fdbfbf15dc1": OCI runtime exec failed: exec failed: unable to start container process: exec: "ping": executable file not found in $PATH: unknown
Connectivity check failed. Retrying in 10s...
error: Internal error occurred: error executing command in container: failed to exec in container: failed to start exec "d472a1295e1c951116330309b72a48da23e421479085f69eb067528ba98c52fa": OCI runtime exec failed: exec failed: unable to start container process: exec: "ping": executable file not found in $PATH: unknown
Running TCP test and capturing system-wide cycles (45s)...
Running UDP test (45s)...
Measuring Latency (RTT) with ping...
error: Internal error occurred: error executing command in container: failed to exec in container: failed to start exec "3ffb06b224f02da88f93e552a31ce85b24d98ce1984aa276baedafc95cce2d6c": OCI runtime exec failed: exec failed: unable to start container process: exec: "ping": executable file not found in $PATH: unknown
Capturing CPU metrics (snapshot)...
--- Benchmark for flannel Complete ---
Results saved in results_module_1/flannel_hostgw
