--- Starting Benchmark for cilium (vxlan) ---
Tearing down ALL old clusters to free resources...
Deleted clusters: []
Waiting 60s for cleanup (deep stabilization)...
Creating new cluster: cni-cilium (with retry)
Creating cluster "cni-cilium" ...
 • Ensuring node image (kindest/node:v1.29.2) 🖼  ...
 ✓ Ensuring node image (kindest/node:v1.29.2) 🖼
 • Preparing nodes 📦 📦 📦   ...
 ✓ Preparing nodes 📦 📦 📦 
 • Writing configuration 📜  ...
 ✓ Writing configuration 📜
 • Starting control-plane 🕹️  ...
 ✓ Starting control-plane 🕹️
 • Installing StorageClass 💾  ...
 ✓ Installing StorageClass 💾
 • Joining worker nodes 🚜  ...
 ✓ Joining worker nodes 🚜
Set kubectl context to "kind-cni-cilium"
You can now use your cluster with:

kubectl cluster-info --context kind-cni-cilium

Have a question, bug, or feature request? Let us know! https://kind.sigs.k8s.io/#community 🙂
Waiting 90s for node and Docker stabilization...
Restoring missing CNI plugins...
🔮 Auto-detected Kubernetes kind: kind
ℹ️  Using Cilium version 1.19.1
🔮 Auto-detected cluster name: kind-cni-cilium
🔮 Auto-detected kube-proxy has been installed
Waiting for pods to be ready...
pod/kube-proxy-8mhvf condition met
pod/kube-proxy-d64qg condition met
pod/kube-proxy-x88t5 condition met
pod/cilium-hvt5z condition met
pod/cilium-k9mh5 condition met
pod/cilium-vz5t9 condition met
Deploying iperf3: Server on cni-cilium-control-plane, Client on cni-cilium-worker
node/cni-cilium-control-plane untainted
error: taint "node-role.kubernetes.io/control-plane:NoSchedule" not found
deployment.apps/iperf3-server created
deployment.apps/iperf3-client created
Waiting for iperf3 pods to be ready...
pod/iperf3-server-56f85cb4b8-nt8mm condition met
pod/iperf3-client-5c8d4474f9-kwzx8 condition met
Discovering Pod IPs...
Server IP: 10.244.0.81
Client Pod: iperf3-client-5c8d4474f9-kwzx8
Checking connectivity...
error: Internal error occurred: error executing command in container: failed to exec in container: failed to start exec "bdc7fd00c01c85a33a2a8db36e456b6b7a6c9cedf0436fcc19bebbbf313efb2f": OCI runtime exec failed: exec failed: unable to start container process: exec: "ping": executable file not found in $PATH: unknown
Connectivity check failed. Retrying in 10s...
error: Internal error occurred: error executing command in container: failed to exec in container: failed to start exec "b0307712e48557dbba6b7a6680598b57190bc6f25233dbf2ba6e246e20040300": OCI runtime exec failed: exec failed: unable to start container process: exec: "ping": executable file not found in $PATH: unknown
Running TCP test and capturing system-wide cycles (45s)...
Running UDP test (45s)...
Measuring Latency (RTT) with ping...
error: Internal error occurred: error executing command in container: failed to exec in container: failed to start exec "f579e5012eb1f5ed388bd03c5fe8bbb73b7879fbcf7fd247b43bc746c035ae7c": OCI runtime exec failed: exec failed: unable to start container process: exec: "ping": executable file not found in $PATH: unknown
Capturing CPU metrics (snapshot)...
--- Benchmark for cilium Complete ---
Results saved in results_module_1/cilium_vxlan
