--- Starting Benchmark for cilium (native) ---
Tearing down ALL old clusters to free resources...
Deleted nodes: ["cni-cilium-worker2" "cni-cilium-control-plane" "cni-cilium-worker"]
Deleted clusters: ["cni-cilium"]
Deleted Networks:
kind

Waiting 60s for cleanup (deep stabilization)...
Creating new cluster: cni-cilium (with retry)
Creating cluster "cni-cilium" ...
 • Ensuring node image (kindest/node:v1.29.2) 🖼  ...
 ✓ Ensuring node image (kindest/node:v1.29.2) 🖼
 • Preparing nodes 📦 📦 📦   ...
 ✓ Preparing nodes 📦 📦 📦 
 • Writing configuration 📜  ...
 ✓ Writing configuration 📜
 • Starting control-plane 🕹️  ...
 ✓ Starting control-plane 🕹️
 • Installing StorageClass 💾  ...
 ✓ Installing StorageClass 💾
 • Joining worker nodes 🚜  ...
 ✓ Joining worker nodes 🚜
Set kubectl context to "kind-cni-cilium"
You can now use your cluster with:

kubectl cluster-info --context kind-cni-cilium

Thanks for using kind! 😊
Waiting 90s for node and Docker stabilization...
Restoring missing CNI plugins...
Configuring Cilium for Direct Host-Routing (Native) mode...
🔮 Auto-detected Kubernetes kind: kind
ℹ️  Using Cilium version 1.19.1
🔮 Auto-detected cluster name: kind-cni-cilium
🔮 Auto-detected kube-proxy has been installed
Waiting for pods to be ready...
pod/kube-proxy-5vblf condition met
pod/kube-proxy-mzx2v condition met
pod/kube-proxy-wrb56 condition met
pod/cilium-l2jjw condition met
pod/cilium-qwwlf condition met
pod/cilium-xnf7z condition met
Deploying iperf3: Server on cni-cilium-control-plane, Client on cni-cilium-worker
node/cni-cilium-control-plane untainted
error: taint "node-role.kubernetes.io/control-plane:NoSchedule" not found
deployment.apps/iperf3-server created
deployment.apps/iperf3-client created
Waiting for iperf3 pods to be ready...
pod/iperf3-server-56f85cb4b8-r5zjn condition met
pod/iperf3-client-5c8d4474f9-d58xg condition met
Discovering Pod IPs...
Server IP: 10.244.0.19
Client Pod: iperf3-client-5c8d4474f9-d58xg
Checking connectivity...
error: Internal error occurred: error executing command in container: failed to exec in container: failed to start exec "2e00a0307fc2fddb42d3c0e4449f8a607860c5c7b9ee10d384fcbaef1aa02ce8": OCI runtime exec failed: exec failed: unable to start container process: exec: "ping": executable file not found in $PATH: unknown
Connectivity check failed. Retrying in 10s...
error: Internal error occurred: error executing command in container: failed to exec in container: failed to start exec "8f3f07d2ce8f256cfd186a812175a2ea31d7e51973063dafff14523b0822a73a": OCI runtime exec failed: exec failed: unable to start container process: exec: "ping": executable file not found in $PATH: unknown
Running TCP test and capturing system-wide cycles (45s)...
Running UDP test (45s)...
Measuring Latency (RTT) with ping...
error: Internal error occurred: error executing command in container: failed to exec in container: failed to start exec "d24e8526959e144ece47443f4663943ea2840ae59946bf7a6e54176aab37d6aa": OCI runtime exec failed: exec failed: unable to start container process: exec: "ping": executable file not found in $PATH: unknown
Capturing CPU metrics (snapshot)...
--- Benchmark for cilium Complete ---
Results saved in results_module_1/cilium_native
